<?xml version="1.0" encoding="UTF-8"?>
<testng-results skipped="0" failed="0" ignored="0" total="1" passed="1">
  <reporter-output>
  </reporter-output>
  <suite name="Default suite" duration-ms="1861" started-at="2018-05-31T13:52:39Z" finished-at="2018-05-31T13:52:41Z">
    <groups>
    </groups>
    <test name="Default test" duration-ms="1861" started-at="2018-05-31T13:52:39Z" finished-at="2018-05-31T13:52:41Z">
      <class name="com.GetMethodAssignment.qa.TestCases.HttpGetMethodClassTestCase">
        <test-method status="PASS" signature="SetUp()[pri:0, instance:com.GetMethodAssignment.qa.TestCases.HttpGetMethodClassTestCase@68be2bc2]" name="SetUp" is-config="true" duration-ms="7" started-at="2018-05-31T13:52:39Z" finished-at="2018-05-31T13:52:39Z">
          <reporter-output>
          </reporter-output>
        </test-method> <!-- SetUp -->
        <test-method status="PASS" signature="HttpGetMethodCallTest()[pri:0, instance:com.GetMethodAssignment.qa.TestCases.HttpGetMethodClassTestCase@68be2bc2]" name="HttpGetMethodCallTest" duration-ms="1809" started-at="2018-05-31T13:52:39Z" finished-at="2018-05-31T13:52:41Z">
          <reporter-output>
          </reporter-output>
        </test-method> <!-- HttpGetMethodCallTest -->
      </class> <!-- com.GetMethodAssignment.qa.TestCases.HttpGetMethodClassTestCase -->
    </test> <!-- Default test -->
  </suite> <!-- Default suite -->
</testng-results>
